{"C:\\Users\\Soumya Sri\\My_projects\\React_Native\\Food-Menu\\assets\\Cassoulet.jpg": {"path":"C:\\Users\\Soumya Sri\\My_projects\\React_Native\\Food-Menu\\assets\\Cassoulet.jpg","statementMap":{"0":{"start":{"line":1,"column":0},"end":{"line":4,"column":6}}},"fnMap":{},"branchMap":{},"s":{"0":1},"f":{},"b":{},"_coverageSchema":"1a1c01bbd47fc00a2c39e90264f33305004495a9","hash":"fd71809b40a84bf66f85127ef19d48fc9b093538"}
,"C:\\Users\\Soumya Sri\\My_projects\\React_Native\\Food-Menu\\assets\\New.jpg": {"path":"C:\\Users\\Soumya Sri\\My_projects\\React_Native\\Food-Menu\\assets\\New.jpg","statementMap":{"0":{"start":{"line":1,"column":0},"end":{"line":4,"column":6}}},"fnMap":{},"branchMap":{},"s":{"0":1},"f":{},"b":{},"_coverageSchema":"1a1c01bbd47fc00a2c39e90264f33305004495a9","hash":"fe8e164cea97ea33819bbb58e369cf544f85a104"}
,"C:\\Users\\Soumya Sri\\My_projects\\React_Native\\Food-Menu\\components\\Sections.tsx": {"path":"C:\\Users\\Soumya Sri\\My_projects\\React_Native\\Food-Menu\\components\\Sections.tsx","statementMap":{"0":{"start":{"line":15,"column":22},"end":{"line":15,"column":49}},"1":{"start":{"line":16,"column":23},"end":{"line":16,"column":51}},"2":{"start":{"line":17,"column":2},"end":{"line":94,"column":4}},"3":{"start":{"line":21,"column":32},"end":{"line":21,"column":42}},"4":{"start":{"line":25,"column":38},"end":{"line":25,"column":75}},"5":{"start":{"line":27,"column":10},"end":{"line":27,"column":50}},"6":{"start":{"line":30,"column":10},"end":{"line":44,"column":17}},"7":{"start":{"line":47,"column":10},"end":{"line":47,"column":52}},"8":{"start":{"line":50,"column":10},"end":{"line":90,"column":17}},"9":{"start":{"line":97,"column":15},"end":{"line":169,"column":2}}},"fnMap":{"0":{"name":"Sections","decl":{"start":{"line":10,"column":24},"end":{"line":10,"column":32}},"loc":{"start":{"line":14,"column":22},"end":{"line":95,"column":1}},"line":14},"1":{"name":"(anonymous_1)","decl":{"start":{"line":21,"column":22},"end":{"line":21,"column":23}},"loc":{"start":{"line":21,"column":32},"end":{"line":21,"column":42}},"line":21},"2":{"name":"(anonymous_2)","decl":{"start":{"line":25,"column":32},"end":{"line":25,"column":33}},"loc":{"start":{"line":25,"column":38},"end":{"line":25,"column":75}},"line":25},"3":{"name":"(anonymous_3)","decl":{"start":{"line":26,"column":35},"end":{"line":26,"column":36}},"loc":{"start":{"line":27,"column":10},"end":{"line":27,"column":50}},"line":27},"4":{"name":"(anonymous_4)","decl":{"start":{"line":29,"column":19},"end":{"line":29,"column":20}},"loc":{"start":{"line":30,"column":10},"end":{"line":44,"column":17}},"line":30},"5":{"name":"(anonymous_5)","decl":{"start":{"line":46,"column":29},"end":{"line":46,"column":30}},"loc":{"start":{"line":47,"column":10},"end":{"line":47,"column":52}},"line":47},"6":{"name":"(anonymous_6)","decl":{"start":{"line":49,"column":20},"end":{"line":49,"column":21}},"loc":{"start":{"line":50,"column":10},"end":{"line":90,"column":17}},"line":50}},"branchMap":{"0":{"loc":{"start":{"line":33,"column":35},"end":{"line":33,"column":51}},"type":"cond-expr","locations":[{"start":{"line":33,"column":46},"end":{"line":33,"column":47}},{"start":{"line":33,"column":50},"end":{"line":33,"column":51}}],"line":33},"1":{"loc":{"start":{"line":39,"column":25},"end":{"line":39,"column":66}},"type":"cond-expr","locations":[{"start":{"line":39,"column":36},"end":{"line":39,"column":56}},{"start":{"line":39,"column":59},"end":{"line":39,"column":66}}],"line":39},"2":{"loc":{"start":{"line":51,"column":13},"end":{"line":64,"column":13}},"type":"binary-expr","locations":[{"start":{"line":51,"column":13},"end":{"line":51,"column":23}},{"start":{"line":52,"column":14},"end":{"line":63,"column":16}}],"line":51},"3":{"loc":{"start":{"line":58,"column":28},"end":{"line":58,"column":63}},"type":"cond-expr","locations":[{"start":{"line":58,"column":49},"end":{"line":58,"column":55}},{"start":{"line":58,"column":58},"end":{"line":58,"column":63}}],"line":58},"4":{"loc":{"start":{"line":59,"column":27},"end":{"line":59,"column":60}},"type":"cond-expr","locations":[{"start":{"line":59,"column":47},"end":{"line":59,"column":52}},{"start":{"line":59,"column":55},"end":{"line":59,"column":60}}],"line":59},"5":{"loc":{"start":{"line":65,"column":13},"end":{"line":71,"column":13}},"type":"binary-expr","locations":[{"start":{"line":65,"column":13},"end":{"line":65,"column":25}},{"start":{"line":66,"column":14},"end":{"line":70,"column":16}}],"line":65},"6":{"loc":{"start":{"line":75,"column":15},"end":{"line":77,"column":15}},"type":"binary-expr","locations":[{"start":{"line":75,"column":15},"end":{"line":75,"column":31}},{"start":{"line":76,"column":16},"end":{"line":76,"column":74}}],"line":75},"7":{"loc":{"start":{"line":78,"column":15},"end":{"line":82,"column":15}},"type":"binary-expr","locations":[{"start":{"line":78,"column":15},"end":{"line":78,"column":42}},{"start":{"line":79,"column":16},"end":{"line":81,"column":23}}],"line":78}},"s":{"0":1,"1":1,"2":1,"3":8,"4":2,"5":2,"6":1,"7":1,"8":3,"9":1},"f":{"0":1,"1":8,"2":2,"3":2,"4":1,"5":1,"6":3},"b":{"0":[1,0],"1":[1,0],"2":[3,1],"3":[1,0],"4":[1,0],"5":[3,1],"6":[3,3],"7":[3,1]},"_coverageSchema":"1a1c01bbd47fc00a2c39e90264f33305004495a9","hash":"288184aa2617c8c9af21cf2741ebaaf2121f9c55"}
}
