{"C:\\Users\\Soumya Sri\\My_projects\\React_Native\\Food-Menu\\App.tsx": {"path":"C:\\Users\\Soumya Sri\\My_projects\\React_Native\\Food-Menu\\App.tsx","statementMap":{"0":{"start":{"line":9,"column":12},"end":{"line":9,"column":43}},"1":{"start":{"line":11,"column":2},"end":{"line":26,"column":4}}},"fnMap":{"0":{"name":"App","decl":{"start":{"line":10,"column":24},"end":{"line":10,"column":27}},"loc":{"start":{"line":10,"column":30},"end":{"line":27,"column":1}},"line":10}},"branchMap":{},"s":{"0":1,"1":1},"f":{"0":1},"b":{},"_coverageSchema":"1a1c01bbd47fc00a2c39e90264f33305004495a9","hash":"91d8d2ffd5ae6190a3e14c3740f7c1b23fbd385a"}
,"C:\\Users\\Soumya Sri\\My_projects\\React_Native\\Food-Menu\\StaticData.js\\AppetizersData.tsx": {"path":"C:\\Users\\Soumya Sri\\My_projects\\React_Native\\Food-Menu\\StaticData.js\\AppetizersData.tsx","statementMap":{"0":{"start":{"line":1,"column":20},"end":{"line":21,"column":1}}},"fnMap":{},"branchMap":{},"s":{"0":1},"f":{},"b":{},"_coverageSchema":"1a1c01bbd47fc00a2c39e90264f33305004495a9","hash":"3e2660683b20964b5473a46727a3ad733790acf1"}
,"C:\\Users\\Soumya Sri\\My_projects\\React_Native\\Food-Menu\\StaticData.js\\DessertsData.tsx": {"path":"C:\\Users\\Soumya Sri\\My_projects\\React_Native\\Food-Menu\\StaticData.js\\DessertsData.tsx","statementMap":{"0":{"start":{"line":1,"column":28},"end":{"line":45,"column":1}}},"fnMap":{},"branchMap":{},"s":{"0":1},"f":{},"b":{},"_coverageSchema":"1a1c01bbd47fc00a2c39e90264f33305004495a9","hash":"f01953871b11770c3e2288e35bece69761218723"}
,"C:\\Users\\Soumya Sri\\My_projects\\React_Native\\Food-Menu\\StaticData.js\\MainEntreesData.tsx": {"path":"C:\\Users\\Soumya Sri\\My_projects\\React_Native\\Food-Menu\\StaticData.js\\MainEntreesData.tsx","statementMap":{"0":{"start":{"line":1,"column":23},"end":{"line":59,"column":1}}},"fnMap":{},"branchMap":{},"s":{"0":1},"f":{},"b":{},"_coverageSchema":"1a1c01bbd47fc00a2c39e90264f33305004495a9","hash":"abe260e48cd3677501014b653ed652eee4ad2f2f"}
,"C:\\Users\\Soumya Sri\\My_projects\\React_Native\\Food-Menu\\assets\\Cassoulet.jpg": {"path":"C:\\Users\\Soumya Sri\\My_projects\\React_Native\\Food-Menu\\assets\\Cassoulet.jpg","statementMap":{"0":{"start":{"line":1,"column":0},"end":{"line":4,"column":6}}},"fnMap":{},"branchMap":{},"s":{"0":1},"f":{},"b":{},"_coverageSchema":"1a1c01bbd47fc00a2c39e90264f33305004495a9","hash":"fd71809b40a84bf66f85127ef19d48fc9b093538"}
,"C:\\Users\\Soumya Sri\\My_projects\\React_Native\\Food-Menu\\assets\\background.webp": {"path":"C:\\Users\\Soumya Sri\\My_projects\\React_Native\\Food-Menu\\assets\\background.webp","statementMap":{"0":{"start":{"line":1,"column":0},"end":{"line":4,"column":6}}},"fnMap":{},"branchMap":{},"s":{"0":1},"f":{},"b":{},"_coverageSchema":"1a1c01bbd47fc00a2c39e90264f33305004495a9","hash":"fcaba4d7e5ff2a794e1e660d21dd45af68cae783"}
,"C:\\Users\\Soumya Sri\\My_projects\\React_Native\\Food-Menu\\assets\\icecream.jpg": {"path":"C:\\Users\\Soumya Sri\\My_projects\\React_Native\\Food-Menu\\assets\\icecream.jpg","statementMap":{"0":{"start":{"line":1,"column":0},"end":{"line":4,"column":6}}},"fnMap":{},"branchMap":{},"s":{"0":1},"f":{},"b":{},"_coverageSchema":"1a1c01bbd47fc00a2c39e90264f33305004495a9","hash":"9a4acda989bb9bd443bc75021b06b245f5f9731c"}
,"C:\\Users\\Soumya Sri\\My_projects\\React_Native\\Food-Menu\\assets\\new.webp": {"path":"C:\\Users\\Soumya Sri\\My_projects\\React_Native\\Food-Menu\\assets\\new.webp","statementMap":{"0":{"start":{"line":1,"column":0},"end":{"line":4,"column":6}}},"fnMap":{},"branchMap":{},"s":{"0":1},"f":{},"b":{},"_coverageSchema":"1a1c01bbd47fc00a2c39e90264f33305004495a9","hash":"8b52b92169f44f1f681d7276c731ad53c09941f4"}
,"C:\\Users\\Soumya Sri\\My_projects\\React_Native\\Food-Menu\\assets\\salmon1.jpg": {"path":"C:\\Users\\Soumya Sri\\My_projects\\React_Native\\Food-Menu\\assets\\salmon1.jpg","statementMap":{"0":{"start":{"line":1,"column":0},"end":{"line":4,"column":6}}},"fnMap":{},"branchMap":{},"s":{"0":1},"f":{},"b":{},"_coverageSchema":"1a1c01bbd47fc00a2c39e90264f33305004495a9","hash":"b9e1a97c3d0ea126206aa17095d25dca06fcf71b"}
,"C:\\Users\\Soumya Sri\\My_projects\\React_Native\\Food-Menu\\components\\Desserts.tsx": {"path":"C:\\Users\\Soumya Sri\\My_projects\\React_Native\\Food-Menu\\components\\Desserts.tsx","statementMap":{"0":{"start":{"line":4,"column":2},"end":{"line":70,"column":4}},"1":{"start":{"line":8,"column":49},"end":{"line":8,"column":61}},"2":{"start":{"line":10,"column":10},"end":{"line":63,"column":17}},"3":{"start":{"line":66,"column":10},"end":{"line":66,"column":52}},"4":{"start":{"line":73,"column":15},"end":{"line":106,"column":2}}},"fnMap":{"0":{"name":"Desserts","decl":{"start":{"line":3,"column":24},"end":{"line":3,"column":32}},"loc":{"start":{"line":3,"column":35},"end":{"line":71,"column":1}},"line":3},"1":{"name":"(anonymous_1)","decl":{"start":{"line":8,"column":22},"end":{"line":8,"column":23}},"loc":{"start":{"line":8,"column":49},"end":{"line":8,"column":61}},"line":8},"2":{"name":"(anonymous_2)","decl":{"start":{"line":9,"column":20},"end":{"line":9,"column":21}},"loc":{"start":{"line":10,"column":10},"end":{"line":63,"column":17}},"line":10},"3":{"name":"(anonymous_3)","decl":{"start":{"line":65,"column":29},"end":{"line":65,"column":30}},"loc":{"start":{"line":66,"column":10},"end":{"line":66,"column":52}},"line":66}},"branchMap":{"0":{"loc":{"start":{"line":21,"column":19},"end":{"line":33,"column":19}},"type":"binary-expr","locations":[{"start":{"line":21,"column":19},"end":{"line":21,"column":29}},{"start":{"line":22,"column":20},"end":{"line":32,"column":22}}],"line":21}},"s":{"0":0,"1":0,"2":0,"3":0,"4":1},"f":{"0":0,"1":0,"2":0,"3":0},"b":{"0":[0,0]},"_coverageSchema":"1a1c01bbd47fc00a2c39e90264f33305004495a9","hash":"77e18d48f9550c5298ab4e0eebed0df78084bb62"}
,"C:\\Users\\Soumya Sri\\My_projects\\React_Native\\Food-Menu\\components\\Main.tsx": {"path":"C:\\Users\\Soumya Sri\\My_projects\\React_Native\\Food-Menu\\components\\Main.tsx","statementMap":{"0":{"start":{"line":15,"column":13},"end":{"line":17,"column":1}},"1":{"start":{"line":20,"column":2},"end":{"line":84,"column":4}},"2":{"start":{"line":87,"column":15},"end":{"line":120,"column":2}}},"fnMap":{"0":{"name":"Main","decl":{"start":{"line":19,"column":24},"end":{"line":19,"column":28}},"loc":{"start":{"line":19,"column":31},"end":{"line":85,"column":1}},"line":19}},"branchMap":{},"s":{"0":1,"1":1,"2":1},"f":{"0":1},"b":{},"_coverageSchema":"1a1c01bbd47fc00a2c39e90264f33305004495a9","hash":"1504cbf7550a0b295ba5661b254fb1f2b6ce359d"}
,"C:\\Users\\Soumya Sri\\My_projects\\React_Native\\Food-Menu\\components\\MainEntrees.tsx": {"path":"C:\\Users\\Soumya Sri\\My_projects\\React_Native\\Food-Menu\\components\\MainEntrees.tsx","statementMap":{"0":{"start":{"line":4,"column":2},"end":{"line":72,"column":4}},"1":{"start":{"line":8,"column":49},"end":{"line":8,"column":61}},"2":{"start":{"line":10,"column":10},"end":{"line":65,"column":17}},"3":{"start":{"line":68,"column":10},"end":{"line":68,"column":52}},"4":{"start":{"line":75,"column":15},"end":{"line":109,"column":2}}},"fnMap":{"0":{"name":"MainEntrees","decl":{"start":{"line":3,"column":24},"end":{"line":3,"column":35}},"loc":{"start":{"line":3,"column":38},"end":{"line":73,"column":1}},"line":3},"1":{"name":"(anonymous_1)","decl":{"start":{"line":8,"column":22},"end":{"line":8,"column":23}},"loc":{"start":{"line":8,"column":49},"end":{"line":8,"column":61}},"line":8},"2":{"name":"(anonymous_2)","decl":{"start":{"line":9,"column":20},"end":{"line":9,"column":21}},"loc":{"start":{"line":10,"column":10},"end":{"line":65,"column":17}},"line":10},"3":{"name":"(anonymous_3)","decl":{"start":{"line":67,"column":29},"end":{"line":67,"column":30}},"loc":{"start":{"line":68,"column":10},"end":{"line":68,"column":52}},"line":68}},"branchMap":{"0":{"loc":{"start":{"line":21,"column":19},"end":{"line":33,"column":19}},"type":"binary-expr","locations":[{"start":{"line":21,"column":19},"end":{"line":21,"column":29}},{"start":{"line":22,"column":20},"end":{"line":32,"column":22}}],"line":21},"1":{"loc":{"start":{"line":39,"column":19},"end":{"line":51,"column":19}},"type":"binary-expr","locations":[{"start":{"line":39,"column":19},"end":{"line":39,"column":35}},{"start":{"line":40,"column":20},"end":{"line":50,"column":27}}],"line":39}},"s":{"0":0,"1":0,"2":0,"3":0,"4":1},"f":{"0":0,"1":0,"2":0,"3":0},"b":{"0":[0,0],"1":[0,0]},"_coverageSchema":"1a1c01bbd47fc00a2c39e90264f33305004495a9","hash":"54bcc3f88eb0f55285e674a49630dc82fd5fbe04"}
,"C:\\Users\\Soumya Sri\\My_projects\\React_Native\\Food-Menu\\components\\Section.tsx": {"path":"C:\\Users\\Soumya Sri\\My_projects\\React_Native\\Food-Menu\\components\\Section.tsx","statementMap":{"0":{"start":{"line":6,"column":2},"end":{"line":46,"column":4}},"1":{"start":{"line":10,"column":49},"end":{"line":10,"column":61}},"2":{"start":{"line":12,"column":10},"end":{"line":39,"column":17}},"3":{"start":{"line":42,"column":10},"end":{"line":42,"column":52}},"4":{"start":{"line":49,"column":15},"end":{"line":82,"column":2}}},"fnMap":{"0":{"name":"Section","decl":{"start":{"line":5,"column":24},"end":{"line":5,"column":31}},"loc":{"start":{"line":5,"column":34},"end":{"line":47,"column":1}},"line":5},"1":{"name":"(anonymous_1)","decl":{"start":{"line":10,"column":22},"end":{"line":10,"column":23}},"loc":{"start":{"line":10,"column":49},"end":{"line":10,"column":61}},"line":10},"2":{"name":"(anonymous_2)","decl":{"start":{"line":11,"column":20},"end":{"line":11,"column":21}},"loc":{"start":{"line":12,"column":10},"end":{"line":39,"column":17}},"line":12},"3":{"name":"(anonymous_3)","decl":{"start":{"line":41,"column":29},"end":{"line":41,"column":30}},"loc":{"start":{"line":42,"column":10},"end":{"line":42,"column":52}},"line":42}},"branchMap":{"0":{"loc":{"start":{"line":13,"column":13},"end":{"line":19,"column":13}},"type":"binary-expr","locations":[{"start":{"line":13,"column":13},"end":{"line":13,"column":23}},{"start":{"line":14,"column":14},"end":{"line":18,"column":16}}],"line":13}},"s":{"0":1,"1":5,"2":2,"3":1,"4":1},"f":{"0":1,"1":5,"2":2,"3":1},"b":{"0":[2,1]},"_coverageSchema":"1a1c01bbd47fc00a2c39e90264f33305004495a9","hash":"f3066233d75c9c13a8a33089db639281ac008748"}
}
