TN:
SF:App.tsx
FN:10,App
FNF:1
FNH:1
FNDA:1,App
DA:9,1
DA:11,1
LF:2
LH:2
BRF:0
BRH:0
end_of_record
TN:
SF:StaticData.js\AppetizersData.tsx
FNF:0
FNH:0
DA:1,2
LF:1
LH:1
BRF:0
BRH:0
end_of_record
TN:
SF:StaticData.js\DessertsData.tsx
FNF:0
FNH:0
DA:1,2
LF:1
LH:1
BRF:0
BRH:0
end_of_record
TN:
SF:StaticData.js\MainEntreesData.tsx
FNF:0
FNH:0
DA:1,2
LF:1
LH:1
BRF:0
BRH:0
end_of_record
TN:
SF:assets\Cassoulet.jpg
FNF:0
FNH:0
DA:1,2
LF:1
LH:1
BRF:0
BRH:0
end_of_record
TN:
SF:assets\background.webp
FNF:0
FNH:0
DA:1,2
LF:1
LH:1
BRF:0
BRH:0
end_of_record
TN:
SF:assets\icecream.jpg
FNF:0
FNH:0
DA:1,2
LF:1
LH:1
BRF:0
BRH:0
end_of_record
TN:
SF:assets\new.webp
FNF:0
FNH:0
DA:1,2
LF:1
LH:1
BRF:0
BRH:0
end_of_record
TN:
SF:assets\salmon1.jpg
FNF:0
FNH:0
DA:1,2
LF:1
LH:1
BRF:0
BRH:0
end_of_record
TN:
SF:components\Appetizers.tsx
FN:5,Appetizers
FN:10,(anonymous_1)
FN:11,(anonymous_2)
FN:51,(anonymous_3)
FNF:4
FNH:4
FNDA:2,Appetizers
FNDA:10,(anonymous_1)
FNDA:4,(anonymous_2)
FNDA:2,(anonymous_3)
DA:6,2
DA:10,10
DA:12,4
DA:52,2
DA:59,2
LF:5
LH:5
BRDA:13,0,0,4
BRDA:13,0,1,2
BRF:2
BRH:2
end_of_record
TN:
SF:components\Desserts.tsx
FN:3,Desserts
FN:8,(anonymous_1)
FN:9,(anonymous_2)
FN:71,(anonymous_3)
FNF:4
FNH:4
FNDA:1,Desserts
FNDA:17,(anonymous_1)
FNDA:6,(anonymous_2)
FNDA:1,(anonymous_3)
DA:4,1
DA:8,17
DA:10,6
DA:72,1
DA:79,2
LF:5
LH:5
BRDA:21,0,0,6
BRDA:21,0,1,1
BRF:2
BRH:2
end_of_record
TN:
SF:components\Main.tsx
FN:19,Main
FNF:1
FNH:1
FNDA:3,Main
DA:15,2
DA:20,3
DA:87,2
LF:3
LH:3
BRF:0
BRH:0
end_of_record
TN:
SF:components\MainEntrees.tsx
FN:3,MainEntrees
FN:8,(anonymous_1)
FN:9,(anonymous_2)
FN:73,(anonymous_3)
FNF:4
FNH:4
FNDA:1,MainEntrees
FNDA:23,(anonymous_1)
FNDA:8,(anonymous_2)
FNDA:1,(anonymous_3)
DA:4,1
DA:8,23
DA:10,8
DA:74,1
DA:81,2
LF:5
LH:5
BRDA:21,0,0,8
BRDA:21,0,1,2
BRDA:45,1,0,8
BRDA:45,1,1,7
BRF:4
BRH:4
end_of_record
