TN:
SF:assets\Cassoulet.jpg
FNF:0
FNH:0
DA:1,1
LF:1
LH:1
BRF:0
BRH:0
end_of_record
TN:
SF:assets\New.jpg
FNF:0
FNH:0
DA:1,1
LF:1
LH:1
BRF:0
BRH:0
end_of_record
TN:
SF:components\Sections.tsx
FN:10,Sections
FN:21,(anonymous_1)
FN:25,(anonymous_2)
FN:26,(anonymous_3)
FN:29,(anonymous_4)
FN:46,(anonymous_5)
FN:49,(anonymous_6)
FNF:7
FNH:7
FNDA:1,Sections
FNDA:8,(anonymous_1)
FNDA:2,(anonymous_2)
FNDA:2,(anonymous_3)
FNDA:1,(anonymous_4)
FNDA:1,(anonymous_5)
FNDA:3,(anonymous_6)
DA:15,1
DA:16,1
DA:17,1
DA:21,8
DA:25,2
DA:27,2
DA:30,1
DA:47,1
DA:50,3
DA:97,1
LF:10
LH:10
BRDA:33,0,0,1
BRDA:33,0,1,0
BRDA:39,1,0,1
BRDA:39,1,1,0
BRDA:51,2,0,3
BRDA:51,2,1,1
BRDA:58,3,0,1
BRDA:58,3,1,0
BRDA:59,4,0,1
BRDA:59,4,1,0
BRDA:65,5,0,3
BRDA:65,5,1,1
BRDA:75,6,0,3
BRDA:75,6,1,3
BRDA:78,7,0,3
BRDA:78,7,1,1
BRF:16
BRH:12
end_of_record
